{"numFailedTestSuites":1,"numFailedTests":1,"numPassedTestSuites":0,"numPassedTests":0,"numPendingTestSuites":0,"numPendingTests":0,"numRuntimeErrorTestSuites":0,"numTotalTestSuites":1,"numTotalTests":1,"openHandles":[],"snapshot":{"added":0,"didUpdate":false,"failure":false,"filesAdded":0,"filesRemoved":0,"filesUnmatched":0,"filesUpdated":0,"matched":0,"total":0,"unchecked":0,"uncheckedKeysByFile":[],"unmatched":0,"updated":0},"startTime":1558268376498,"success":false,"testResults":[{"console":null,"failureMessage":"\u001b[1m\u001b[31m  \u001b[1m● \u001b[1mspotcheck3 › You should write a query that uses alias names\u001b[39m\u001b[22m\n\n    Error running your query, couldn't create one of the tables. It's likely the Join table - make sure you're referencing the correct column names.__stacktrace__\n\u001b[2m\u001b[22m\n\u001b[2m    \u001b[0m \u001b[90m 22 | \u001b[39m\u001b[0m\u001b[22m\n\u001b[2m    \u001b[0m \u001b[90m 23 | \u001b[39m        \u001b[36mfor\u001b[39m (let result of allTableResults) {\u001b[0m\u001b[22m\n\u001b[2m    \u001b[0m\u001b[31m\u001b[1m>\u001b[2m\u001b[39m\u001b[90m 24 | \u001b[39m            expect(result\u001b[33m.\u001b[39mresult\u001b[33m,\u001b[39m result\u001b[33m.\u001b[39mmessage)\u001b[33m.\u001b[39mnot\u001b[33m.\u001b[39mtoBeNull()\u001b[0m\u001b[22m\n\u001b[2m    \u001b[0m \u001b[90m    | \u001b[39m                                                      \u001b[31m\u001b[1m^\u001b[2m\u001b[39m\u001b[0m\u001b[22m\n\u001b[2m    \u001b[0m \u001b[90m 25 | \u001b[39m        }\u001b[0m\u001b[22m\n\u001b[2m    \u001b[0m \u001b[90m 26 | \u001b[39m\u001b[0m\u001b[22m\n\u001b[2m    \u001b[0m \u001b[90m 27 | \u001b[39m        \u001b[36mconst\u001b[39m validation \u001b[33m=\u001b[39m await testUtils\u001b[33m.\u001b[39mexecuteQuery(\u001b[32m`\u001b[39m\u001b[0m\u001b[22m\n\u001b[2m\u001b[22m\n\u001b[2m      \u001b[2mat Object.toBeNull (\u001b[2m\u001b[0m\u001b[36mtests/spot-check-3/ex-1.test.js\u001b[39m\u001b[0m\u001b[2m:24:55)\u001b[2m\u001b[22m\n","numFailingTests":1,"numPassingTests":0,"numPendingTests":0,"perfStats":{"end":1558268378390,"start":1558268377231},"snapshot":{"added":0,"fileDeleted":false,"matched":0,"unchecked":0,"unmatched":0,"updated":0,"uncheckedKeys":[]},"testFilePath":"C:\\xampp\\htdocs\\sql-join-lesson-exercises\\tests\\spot-check-3\\ex-1.test.js","testResults":[{"ancestorTitles":["spotcheck3"],"duration":209,"failureMessages":["Error: Error running your query, couldn't create one of the tables. It's likely the Join table - make sure you're referencing the correct column names.__stacktrace__\n    at Object.toBeNull (C:\\xampp\\htdocs\\sql-join-lesson-exercises\\tests\\spot-check-3\\ex-1.test.js:24:55)"],"fullName":"spotcheck3 You should write a query that uses alias names","location":null,"numPassingAsserts":0,"status":"failed","title":"You should write a query that uses alias names"}],"sourceMaps":{},"skipped":false,"leaks":false}],"wasInterrupted":false}