{"numFailedTestSuites":1,"numFailedTests":1,"numPassedTestSuites":0,"numPassedTests":0,"numPendingTestSuites":0,"numPendingTests":0,"numRuntimeErrorTestSuites":0,"numTotalTestSuites":1,"numTotalTests":1,"openHandles":[],"snapshot":{"added":0,"didUpdate":false,"failure":false,"filesAdded":0,"filesRemoved":0,"filesUnmatched":0,"filesUpdated":0,"matched":0,"total":0,"unchecked":0,"uncheckedKeysByFile":[],"unmatched":0,"updated":0},"startTime":1558252426067,"success":false,"testResults":[{"console":null,"failureMessage":"\u001b[1m\u001b[31m  \u001b[1m● \u001b[1mexercise3 › Your query should determine how many people are suffering only from the 'cabbage' disease and no other\u001b[39m\u001b[22m\n\n    Error running your query, please check the syntax__stacktrace__\n\u001b[2m\u001b[22m\n\u001b[2m    \u001b[0m \u001b[90m 89 | \u001b[39m        let result \u001b[33m=\u001b[39m await testUtils\u001b[33m.\u001b[39mgetQueryResult(isSelect\u001b[33m,\u001b[39m studentQuery)\u001b[0m\u001b[22m\n\u001b[2m    \u001b[0m \u001b[90m 90 | \u001b[39m\u001b[0m\u001b[22m\n\u001b[2m    \u001b[0m\u001b[31m\u001b[1m>\u001b[2m\u001b[39m\u001b[90m 91 | \u001b[39m        expect(result\u001b[33m.\u001b[39mresult\u001b[33m,\u001b[39m result\u001b[33m.\u001b[39mmessage\u001b[33m,\u001b[39m \u001b[32m'Your query results should not be null'\u001b[39m)\u001b[33m.\u001b[39mnot\u001b[33m.\u001b[39mtoBeNull()\u001b[0m\u001b[22m\n\u001b[2m    \u001b[0m \u001b[90m    | \u001b[39m                                                                                           \u001b[31m\u001b[1m^\u001b[2m\u001b[39m\u001b[0m\u001b[22m\n\u001b[2m    \u001b[0m \u001b[90m 92 | \u001b[39m        expect(result\u001b[33m.\u001b[39mlength\u001b[33m,\u001b[39m \u001b[32m'Your query should return only one row in the results set'\u001b[39m)\u001b[33m.\u001b[39mtoBe(\u001b[35m1\u001b[39m)\u001b[0m\u001b[22m\n\u001b[2m    \u001b[0m \u001b[90m 93 | \u001b[39m\u001b[0m\u001b[22m\n\u001b[2m    \u001b[0m \u001b[90m 94 | \u001b[39m        \u001b[36mconst\u001b[39m countKey \u001b[33m=\u001b[39m \u001b[33mObject\u001b[39m\u001b[33m.\u001b[39mkeys(result[\u001b[35m0\u001b[39m][\u001b[35m0\u001b[39m])\u001b[0m\u001b[22m\n\u001b[2m\u001b[22m\n\u001b[2m      \u001b[2mat Object.toBeNull (\u001b[2m\u001b[0m\u001b[36mtests/exercises/ex-3.test.js\u001b[39m\u001b[0m\u001b[2m:91:92)\u001b[2m\u001b[22m\n","numFailingTests":1,"numPassingTests":0,"numPendingTests":0,"perfStats":{"end":1558252428277,"start":1558252426826},"snapshot":{"added":0,"fileDeleted":false,"matched":0,"unchecked":0,"unmatched":0,"updated":0,"uncheckedKeys":[]},"testFilePath":"C:\\xampp\\htdocs\\sql-join-lesson-exercises\\tests\\exercises\\ex-3.test.js","testResults":[{"ancestorTitles":["exercise3"],"duration":414,"failureMessages":["Error: Error running your query, please check the syntax__stacktrace__\n    at Object.toBeNull (C:\\xampp\\htdocs\\sql-join-lesson-exercises\\tests\\exercises\\ex-3.test.js:91:92)"],"fullName":"exercise3 Your query should determine how many people are suffering only from the 'cabbage' disease and no other","location":null,"numPassingAsserts":0,"status":"failed","title":"Your query should determine how many people are suffering only from the 'cabbage' disease and no other"}],"sourceMaps":{},"skipped":false,"leaks":false}],"wasInterrupted":false}